<?xml version="1.0" encoding="UTF-8"?>
<robot generator="Robot 6.1.1 (Python 3.13.0 on win32)" generated="20241126 22:39:51.414" rpa="false" schemaversion="4">
<suite id="s1" name="Register" source="C:\kurssit\ohjelmistotuotanto\uusi-repositorio\osa3\login-robot\src\tests\register.robot">
<test id="s1-t1" name="Register With Valid Username And Password" line="8">
<kw name="Input New Command And Create User" type="SETUP">
<kw name="Input New Command" library="resource">
<kw name="Input" library="AppLibrary">
<arg>new</arg>
<status status="PASS" starttime="20241126 22:39:51.449" endtime="20241126 22:39:51.450"/>
</kw>
<status status="PASS" starttime="20241126 22:39:51.449" endtime="20241126 22:39:51.450"/>
</kw>
<kw name="Create User" library="AppLibrary">
<arg>testuserr</arg>
<arg>TestPass123!</arg>
<status status="PASS" starttime="20241126 22:39:51.450" endtime="20241126 22:39:51.450"/>
</kw>
<status status="PASS" starttime="20241126 22:39:51.449" endtime="20241126 22:39:51.450"/>
</kw>
<kw name="Input Credentials" library="resource">
<arg>testuser</arg>
<arg>TestPass123!</arg>
<kw name="Input" library="AppLibrary">
<arg>${username}</arg>
<status status="PASS" starttime="20241126 22:39:51.450" endtime="20241126 22:39:51.450"/>
</kw>
<kw name="Input" library="AppLibrary">
<arg>${password}</arg>
<status status="PASS" starttime="20241126 22:39:51.450" endtime="20241126 22:39:51.450"/>
</kw>
<kw name="Run Application" library="AppLibrary">
<status status="PASS" starttime="20241126 22:39:51.450" endtime="20241126 22:39:51.451"/>
</kw>
<status status="PASS" starttime="20241126 22:39:51.450" endtime="20241126 22:39:51.451"/>
</kw>
<kw name="Input New Command" library="resource">
<kw name="Input" library="AppLibrary">
<arg>new</arg>
<status status="PASS" starttime="20241126 22:39:51.451" endtime="20241126 22:39:51.451"/>
</kw>
<status status="PASS" starttime="20241126 22:39:51.451" endtime="20241126 22:39:51.451"/>
</kw>
<kw name="Output Should Contain" library="AppLibrary">
<arg>New user registered</arg>
<status status="PASS" starttime="20241126 22:39:51.451" endtime="20241126 22:39:51.451"/>
</kw>
<status status="PASS" starttime="20241126 22:39:51.449" endtime="20241126 22:39:51.451"/>
</test>
<test id="s1-t2" name="Register With Already Taken Username And Valid Password" line="13">
<kw name="Input New Command And Create User" type="SETUP">
<kw name="Input New Command" library="resource">
<kw name="Input" library="AppLibrary">
<arg>new</arg>
<status status="PASS" starttime="20241126 22:39:51.452" endtime="20241126 22:39:51.452"/>
</kw>
<status status="PASS" starttime="20241126 22:39:51.452" endtime="20241126 22:39:51.452"/>
</kw>
<kw name="Create User" library="AppLibrary">
<arg>testuserr</arg>
<arg>TestPass123!</arg>
<status status="PASS" starttime="20241126 22:39:51.452" endtime="20241126 22:39:51.452"/>
</kw>
<status status="PASS" starttime="20241126 22:39:51.452" endtime="20241126 22:39:51.452"/>
</kw>
<kw name="Input Credentials" library="resource">
<arg>testuserr</arg>
<arg>TestPass123!</arg>
<kw name="Input" library="AppLibrary">
<arg>${username}</arg>
<status status="PASS" starttime="20241126 22:39:51.453" endtime="20241126 22:39:51.453"/>
</kw>
<kw name="Input" library="AppLibrary">
<arg>${password}</arg>
<status status="PASS" starttime="20241126 22:39:51.453" endtime="20241126 22:39:51.453"/>
</kw>
<kw name="Run Application" library="AppLibrary">
<status status="PASS" starttime="20241126 22:39:51.453" endtime="20241126 22:39:51.453"/>
</kw>
<status status="PASS" starttime="20241126 22:39:51.452" endtime="20241126 22:39:51.453"/>
</kw>
<kw name="Input New Command" library="resource">
<kw name="Input" library="AppLibrary">
<arg>new</arg>
<status status="PASS" starttime="20241126 22:39:51.453" endtime="20241126 22:39:51.453"/>
</kw>
<status status="PASS" starttime="20241126 22:39:51.453" endtime="20241126 22:39:51.453"/>
</kw>
<kw name="Output Should Contain" library="AppLibrary">
<arg>Username already taken</arg>
<status status="PASS" starttime="20241126 22:39:51.453" endtime="20241126 22:39:51.453"/>
</kw>
<status status="PASS" starttime="20241126 22:39:51.452" endtime="20241126 22:39:51.453"/>
</test>
<test id="s1-t3" name="Register With Too Short Username And Valid Password" line="18">
<kw name="Input New Command And Create User" type="SETUP">
<kw name="Input New Command" library="resource">
<kw name="Input" library="AppLibrary">
<arg>new</arg>
<status status="PASS" starttime="20241126 22:39:51.454" endtime="20241126 22:39:51.454"/>
</kw>
<status status="PASS" starttime="20241126 22:39:51.454" endtime="20241126 22:39:51.454"/>
</kw>
<kw name="Create User" library="AppLibrary">
<arg>testuserr</arg>
<arg>TestPass123!</arg>
<status status="PASS" starttime="20241126 22:39:51.454" endtime="20241126 22:39:51.454"/>
</kw>
<status status="PASS" starttime="20241126 22:39:51.454" endtime="20241126 22:39:51.454"/>
</kw>
<kw name="Input Credentials" library="resource">
<arg>ka</arg>
<arg>TestPass123!</arg>
<kw name="Input" library="AppLibrary">
<arg>${username}</arg>
<status status="PASS" starttime="20241126 22:39:51.455" endtime="20241126 22:39:51.455"/>
</kw>
<kw name="Input" library="AppLibrary">
<arg>${password}</arg>
<status status="PASS" starttime="20241126 22:39:51.455" endtime="20241126 22:39:51.455"/>
</kw>
<kw name="Run Application" library="AppLibrary">
<status status="PASS" starttime="20241126 22:39:51.455" endtime="20241126 22:39:51.455"/>
</kw>
<status status="PASS" starttime="20241126 22:39:51.455" endtime="20241126 22:39:51.455"/>
</kw>
<kw name="Output Should Contain" library="AppLibrary">
<arg>Username must be at least 3 characters long.</arg>
<status status="PASS" starttime="20241126 22:39:51.455" endtime="20241126 22:39:51.456"/>
</kw>
<status status="PASS" starttime="20241126 22:39:51.454" endtime="20241126 22:39:51.456"/>
</test>
<test id="s1-t4" name="Register With Enough Long But Invalid Username And Valid Password" line="22">
<kw name="Input New Command And Create User" type="SETUP">
<kw name="Input New Command" library="resource">
<kw name="Input" library="AppLibrary">
<arg>new</arg>
<status status="PASS" starttime="20241126 22:39:51.456" endtime="20241126 22:39:51.457"/>
</kw>
<status status="PASS" starttime="20241126 22:39:51.456" endtime="20241126 22:39:51.457"/>
</kw>
<kw name="Create User" library="AppLibrary">
<arg>testuserr</arg>
<arg>TestPass123!</arg>
<status status="PASS" starttime="20241126 22:39:51.457" endtime="20241126 22:39:51.457"/>
</kw>
<status status="PASS" starttime="20241126 22:39:51.456" endtime="20241126 22:39:51.457"/>
</kw>
<kw name="Input Credentials" library="resource">
<arg>invalid_username123</arg>
<arg>TestPass123!</arg>
<kw name="Input" library="AppLibrary">
<arg>${username}</arg>
<status status="PASS" starttime="20241126 22:39:51.457" endtime="20241126 22:39:51.457"/>
</kw>
<kw name="Input" library="AppLibrary">
<arg>${password}</arg>
<status status="PASS" starttime="20241126 22:39:51.457" endtime="20241126 22:39:51.457"/>
</kw>
<kw name="Run Application" library="AppLibrary">
<status status="PASS" starttime="20241126 22:39:51.457" endtime="20241126 22:39:51.457"/>
</kw>
<status status="PASS" starttime="20241126 22:39:51.457" endtime="20241126 22:39:51.457"/>
</kw>
<kw name="Output Should Contain" library="AppLibrary">
<arg>Username can only contain lowercase letters a-z.</arg>
<status status="PASS" starttime="20241126 22:39:51.457" endtime="20241126 22:39:51.457"/>
</kw>
<status status="PASS" starttime="20241126 22:39:51.456" endtime="20241126 22:39:51.457"/>
</test>
<test id="s1-t5" name="Register With Valid Username And Too Short Password" line="26">
<kw name="Input New Command And Create User" type="SETUP">
<kw name="Input New Command" library="resource">
<kw name="Input" library="AppLibrary">
<arg>new</arg>
<status status="PASS" starttime="20241126 22:39:51.458" endtime="20241126 22:39:51.458"/>
</kw>
<status status="PASS" starttime="20241126 22:39:51.458" endtime="20241126 22:39:51.458"/>
</kw>
<kw name="Create User" library="AppLibrary">
<arg>testuserr</arg>
<arg>TestPass123!</arg>
<status status="PASS" starttime="20241126 22:39:51.458" endtime="20241126 22:39:51.458"/>
</kw>
<status status="PASS" starttime="20241126 22:39:51.458" endtime="20241126 22:39:51.458"/>
</kw>
<kw name="Input Credentials" library="resource">
<arg>testuser</arg>
<arg>short</arg>
<kw name="Input" library="AppLibrary">
<arg>${username}</arg>
<status status="PASS" starttime="20241126 22:39:51.459" endtime="20241126 22:39:51.459"/>
</kw>
<kw name="Input" library="AppLibrary">
<arg>${password}</arg>
<status status="PASS" starttime="20241126 22:39:51.459" endtime="20241126 22:39:51.459"/>
</kw>
<kw name="Run Application" library="AppLibrary">
<status status="PASS" starttime="20241126 22:39:51.459" endtime="20241126 22:39:51.459"/>
</kw>
<status status="PASS" starttime="20241126 22:39:51.459" endtime="20241126 22:39:51.459"/>
</kw>
<kw name="Output Should Contain" library="AppLibrary">
<arg>Password must be at least 8 characters long.</arg>
<status status="PASS" starttime="20241126 22:39:51.459" endtime="20241126 22:39:51.459"/>
</kw>
<status status="PASS" starttime="20241126 22:39:51.458" endtime="20241126 22:39:51.459"/>
</test>
<test id="s1-t6" name="Register With Valid Username And Long Enough Password Containing Only Letters" line="30">
<kw name="Input New Command And Create User" type="SETUP">
<kw name="Input New Command" library="resource">
<kw name="Input" library="AppLibrary">
<arg>new</arg>
<status status="PASS" starttime="20241126 22:39:51.460" endtime="20241126 22:39:51.460"/>
</kw>
<status status="PASS" starttime="20241126 22:39:51.460" endtime="20241126 22:39:51.460"/>
</kw>
<kw name="Create User" library="AppLibrary">
<arg>testuserr</arg>
<arg>TestPass123!</arg>
<status status="PASS" starttime="20241126 22:39:51.460" endtime="20241126 22:39:51.460"/>
</kw>
<status status="PASS" starttime="20241126 22:39:51.460" endtime="20241126 22:39:51.460"/>
</kw>
<kw name="Input Credentials" library="resource">
<arg>testuser</arg>
<arg>onlyletters</arg>
<kw name="Input" library="AppLibrary">
<arg>${username}</arg>
<status status="PASS" starttime="20241126 22:39:51.460" endtime="20241126 22:39:51.460"/>
</kw>
<kw name="Input" library="AppLibrary">
<arg>${password}</arg>
<status status="PASS" starttime="20241126 22:39:51.460" endtime="20241126 22:39:51.461"/>
</kw>
<kw name="Run Application" library="AppLibrary">
<status status="PASS" starttime="20241126 22:39:51.461" endtime="20241126 22:39:51.461"/>
</kw>
<status status="PASS" starttime="20241126 22:39:51.460" endtime="20241126 22:39:51.461"/>
</kw>
<kw name="Output Should Contain" library="AppLibrary">
<arg>Password must contain at least one non-letter character.</arg>
<status status="PASS" starttime="20241126 22:39:51.461" endtime="20241126 22:39:51.461"/>
</kw>
<status status="PASS" starttime="20241126 22:39:51.460" endtime="20241126 22:39:51.461"/>
</test>
<status status="PASS" starttime="20241126 22:39:51.415" endtime="20241126 22:39:51.461"/>
</suite>
<statistics>
<total>
<stat pass="6" fail="0" skip="0">All Tests</stat>
</total>
<tag>
</tag>
<suite>
<stat pass="6" fail="0" skip="0" id="s1" name="Register">Register</stat>
</suite>
</statistics>
<errors>
</errors>
</robot>
